<?xml version="1.0" encoding="UTF-8"?>
<robot generator="Robot 7.2.2 (Python 3.11.5 on win32)" generated="2025-03-26T11:37:53.130193" rpa="false" schemaversion="5">
<suite id="s1" name="Qutrix Test" source="C:\Users\DELL\OneDrive\Desktop\qutrix_test\qutrix_test.robot">
<kw name="Open Browser To Qutrix" type="SETUP">
<kw name="Open Browser" owner="SeleniumLibrary">
<msg time="2025-03-26T11:37:53.484205" level="INFO">Opening browser 'Chrome' to base url 'https://qutrix.io'.</msg>
<msg time="2025-03-26T11:37:54.865644" level="WARN">The chromedriver version (133.0.6943.53) detected in PATH at C:\Users\DELL\AppData\Local\Programs\Python\Python311\Scripts\chromedriver.exe might not be compatible with the detected chrome version (134.0.6998.118); currently, chromedriver 134.0.6998.165 is recommended for chrome 134.*, so it is advised to delete the driver in PATH and retry</msg>
<arg>${URL}</arg>
<arg>${BROWSER}</arg>
<doc>Opens a new browser instance to the optional ``url``.</doc>
<status status="PASS" start="2025-03-26T11:37:53.484205" elapsed="7.379062"/>
</kw>
<kw name="Maximize Browser Window" owner="SeleniumLibrary">
<doc>Maximizes current browser window.</doc>
<status status="PASS" start="2025-03-26T11:38:00.863267" elapsed="0.212552"/>
</kw>
<status status="PASS" start="2025-03-26T11:37:53.481549" elapsed="7.595260"/>
</kw>
<test id="s1-t1" name="Capture Qutrix Self-Assessment Page" line="16">
<kw name="Navigate To Career Section">
<kw name="Click Element" owner="SeleniumLibrary">
<msg time="2025-03-26T11:38:01.080074" level="INFO">Clicking element 'xpath://a[text()='Company']'.</msg>
<arg>${CAREER_MENU}</arg>
<doc>Click the element identified by ``locator``.</doc>
<status status="PASS" start="2025-03-26T11:38:01.079061" elapsed="0.411583"/>
</kw>
<kw name="Click Element" owner="SeleniumLibrary">
<msg time="2025-03-26T11:38:01.492643" level="INFO">Clicking element 'xpath://a[text()='Explore Career']'.</msg>
<arg>${CAREER_OPTION}</arg>
<doc>Click the element identified by ``locator``.</doc>
<status status="PASS" start="2025-03-26T11:38:01.491644" elapsed="3.625028"/>
</kw>
<kw name="Wait Until Page Contains Element" owner="SeleniumLibrary">
<arg>${CLICK_HERE_BUTTON}</arg>
<arg>10s</arg>
<doc>Waits until the element ``locator`` appears on the current page.</doc>
<status status="PASS" start="2025-03-26T11:38:05.116672" elapsed="0.031757"/>
</kw>
<status status="PASS" start="2025-03-26T11:38:01.079061" elapsed="4.069368"/>
</kw>
<kw name="Scroll And Click Self Assessment">
<kw name="Execute Javascript" owner="SeleniumLibrary">
<msg time="2025-03-26T11:38:05.149421" level="INFO">Executing JavaScript:
window.scrollTo(0, document.body.scrollHeight);
Without any arguments.</msg>
<arg>window.scrollTo(0, document.body.scrollHeight);</arg>
<doc>Executes the given JavaScript code with possible arguments.</doc>
<status status="PASS" start="2025-03-26T11:38:05.149421" elapsed="0.004836"/>
</kw>
<kw name="Sleep" owner="BuiltIn">
<msg time="2025-03-26T11:38:07.154800" level="INFO">Slept 2 seconds.</msg>
<arg>2</arg>
<doc>Pauses the test executed for the given time.</doc>
<status status="PASS" start="2025-03-26T11:38:05.154257" elapsed="2.000543"/>
</kw>
<kw name="Wait Until Element Is Visible" owner="SeleniumLibrary">
<arg>${CLICK_HERE_BUTTON}</arg>
<arg>10s</arg>
<doc>Waits until the element ``locator`` is visible.</doc>
<status status="PASS" start="2025-03-26T11:38:07.155222" elapsed="0.105610"/>
</kw>
<kw name="Wait Until Element Is Enabled" owner="SeleniumLibrary">
<arg>${CLICK_HERE_BUTTON}</arg>
<arg>10s</arg>
<doc>Waits until the element ``locator`` is enabled.</doc>
<status status="PASS" start="2025-03-26T11:38:07.260832" elapsed="0.020949"/>
</kw>
<kw name="Click Element" owner="SeleniumLibrary">
<msg time="2025-03-26T11:38:07.281781" level="INFO">Clicking element 'xpath://a[contains(normalize-space(.), 'Click here')]'.</msg>
<arg>${CLICK_HERE_BUTTON}</arg>
<doc>Click the element identified by ``locator``.</doc>
<status status="PASS" start="2025-03-26T11:38:07.281781" elapsed="0.106597"/>
</kw>
<kw name="Sleep" owner="BuiltIn">
<msg time="2025-03-26T11:38:09.388797" level="INFO">Slept 2 seconds.</msg>
<arg>2</arg>
<doc>Pauses the test executed for the given time.</doc>
<status status="PASS" start="2025-03-26T11:38:07.388378" elapsed="2.000419"/>
</kw>
<kw name="Switch Window" owner="SeleniumLibrary">
<arg>NEW</arg>
<doc>Switches to browser window matching ``locator``.</doc>
<status status="PASS" start="2025-03-26T11:38:09.388797" elapsed="0.013693"/>
</kw>
<status status="PASS" start="2025-03-26T11:38:05.148429" elapsed="4.254061"/>
</kw>
<kw name="Capture Screenshot">
<kw name="Capture Page Screenshot" owner="SeleniumLibrary">
<msg time="2025-03-26T11:38:11.325289" level="INFO" html="true">&lt;/td&gt;&lt;/tr&gt;&lt;tr&gt;&lt;td colspan="3"&gt;&lt;a href="qutrix_self_assessment.png"&gt;&lt;img src="qutrix_self_assessment.png" width="800px"&gt;&lt;/a&gt;</msg>
<arg>${SCREENSHOT}</arg>
<doc>Takes a screenshot of the current page and embeds it into a log file.</doc>
<status status="PASS" start="2025-03-26T11:38:09.403494" elapsed="1.921795"/>
</kw>
<status status="PASS" start="2025-03-26T11:38:09.403494" elapsed="1.922795"/>
</kw>
<status status="PASS" start="2025-03-26T11:38:01.076809" elapsed="10.249480"/>
</test>
<kw name="Close Browser" owner="SeleniumLibrary" type="TEARDOWN">
<doc>Closes the current browser.</doc>
<status status="PASS" start="2025-03-26T11:38:11.327279" elapsed="2.226740"/>
</kw>
<status status="PASS" start="2025-03-26T11:37:53.132201" elapsed="20.421818"/>
</suite>
<statistics>
<total>
<stat pass="1" fail="0" skip="0">All Tests</stat>
</total>
<tag>
</tag>
<suite>
<stat name="Qutrix Test" id="s1" pass="1" fail="0" skip="0">Qutrix Test</stat>
</suite>
</statistics>
<errors>
<msg time="2025-03-26T11:37:54.865644" level="WARN">The chromedriver version (133.0.6943.53) detected in PATH at C:\Users\DELL\AppData\Local\Programs\Python\Python311\Scripts\chromedriver.exe might not be compatible with the detected chrome version (134.0.6998.118); currently, chromedriver 134.0.6998.165 is recommended for chrome 134.*, so it is advised to delete the driver in PATH and retry</msg>
</errors>
</robot>
